<?xml version="1.0" encoding="UTF-8"?>
<!-- Generated by org.testng.reporters.JUnitXMLReporter -->
<testsuite ignored="0" hostname="DESKTOP-GCU9T4M" failures="0" tests="26" name="Default test" time="143.483" errors="0" timestamp="2023-12-16T11:16:30 IST">
  <testcase classname="testNGPractical.Individual_Assignment" name="FailedUserLoginFunction1" time="5.532"/>
  <testcase classname="testNGPractical.Individual_Assignment" name="FailedUserLoginFunction2" time="9.24"/>
  <testcase classname="testNGPractical.Individual_Assignment" name="FailedUserLoginFunction3" time="9.596"/>
  <testcase classname="testNGPractical.Individual_Assignment" name="SuccessUserLoginFunction" time="9.744"/>
  <testcase classname="testNGPractical.Individual_Assignment" name="VerifyLoadedResult" time="2.295"/>
  <testcase classname="testNGPractical.Individual_Assignment" name="VerifyHeaderText" time="2.267"/>
  <testcase classname="testNGPractical.Individual_Assignment" name="VerifyPageTitle" time="2.268"/>
  <testcase classname="testNGPractical.Individual_Assignment" name="ButtonTrasition" time="5.377"/>
  <testcase classname="testNGPractical.Individual_Assignment" name="CartItemCount" time="0.269"/>
  <testcase classname="testNGPractical.Individual_Assignment" name="ClickcartIcon" time="2.235"/>
  <testcase classname="testNGPractical.Individual_Assignment" name="VerifyCartHeaderText" time="2.233"/>
  <testcase classname="testNGPractical.Individual_Assignment" name="VerifyItemDetails" time="2.2"/>
  <testcase classname="testNGPractical.Individual_Assignment" name="VerifyItemPrice" time="2.197"/>
  <testcase classname="testNGPractical.Individual_Assignment" name="VerifyItemCount" time="2.171"/>
  <testcase classname="testNGPractical.Individual_Assignment" name="ContinueShoppingBTN" time="5.41"/>
  <testcase classname="testNGPractical.Individual_Assignment" name="RemoveBTN" time="14.431"/>
  <testcase classname="testNGPractical.Individual_Assignment" name="CheckoutBTN" time="2.27"/>
  <testcase classname="testNGPractical.Individual_Assignment" name="VerifyCheckoutHeaderText" time="2.222"/>
  <testcase classname="testNGPractical.Individual_Assignment" name="CancelBTN" time="4.307"/>
  <testcase classname="testNGPractical.Individual_Assignment" name="ContinueBTNerr1" time="3.241"/>
  <testcase classname="testNGPractical.Individual_Assignment" name="ContinueBTNerr2" time="4.933"/>
  <testcase classname="testNGPractical.Individual_Assignment" name="ContinueBTN" time="10.928"/>
  <testcase classname="testNGPractical.Individual_Assignment" name="VerifyCheckoutHeaderTxt" time="2.217"/>
  <testcase classname="testNGPractical.Individual_Assignment" name="ComparePrice" time="2.244"/>
  <testcase classname="testNGPractical.Individual_Assignment" name="PriceCalculation" time="2.268"/>
  <testcase classname="testNGPractical.Individual_Assignment" name="finishbutton" time="9.731"/>
</testsuite> <!-- Default test -->
